{"Q:\\it-academy_task\\task\\calculator.js": {"path":"Q:\\it-academy_task\\task\\calculator.js","statementMap":{"0":{"start":{"line":18,"column":17},"end":{"line":18,"column":18}},"1":{"start":{"line":19,"column":4},"end":{"line":21,"column":5}},"2":{"start":{"line":19,"column":17},"end":{"line":19,"column":18}},"3":{"start":{"line":20,"column":6},"end":{"line":20,"column":27}},"4":{"start":{"line":23,"column":4},"end":{"line":23,"column":18}},"5":{"start":{"line":34,"column":17},"end":{"line":34,"column":18}},"6":{"start":{"line":35,"column":4},"end":{"line":37,"column":5}},"7":{"start":{"line":35,"column":17},"end":{"line":35,"column":18}},"8":{"start":{"line":36,"column":6},"end":{"line":36,"column":35}},"9":{"start":{"line":38,"column":4},"end":{"line":38,"column":18}},"10":{"start":{"line":42,"column":4},"end":{"line":42,"column":32}},"11":{"start":{"line":46,"column":4},"end":{"line":46,"column":30}},"12":{"start":{"line":50,"column":4},"end":{"line":50,"column":27}},"13":{"start":{"line":54,"column":0},"end":{"line":54,"column":28}}},"fnMap":{"0":{"name":"(anonymous_0)","decl":{"start":{"line":7,"column":2},"end":{"line":7,"column":3}},"loc":{"start":{"line":7,"column":16},"end":{"line":8,"column":3}},"line":7},"1":{"name":"(anonymous_1)","decl":{"start":{"line":17,"column":2},"end":{"line":17,"column":3}},"loc":{"start":{"line":17,"column":18},"end":{"line":24,"column":3}},"line":17},"2":{"name":"(anonymous_2)","decl":{"start":{"line":33,"column":2},"end":{"line":33,"column":3}},"loc":{"start":{"line":33,"column":23},"end":{"line":39,"column":3}},"line":33},"3":{"name":"(anonymous_3)","decl":{"start":{"line":41,"column":2},"end":{"line":41,"column":3}},"loc":{"start":{"line":41,"column":35},"end":{"line":43,"column":3}},"line":41},"4":{"name":"(anonymous_4)","decl":{"start":{"line":45,"column":2},"end":{"line":45,"column":3}},"loc":{"start":{"line":45,"column":28},"end":{"line":47,"column":3}},"line":45},"5":{"name":"(anonymous_5)","decl":{"start":{"line":49,"column":2},"end":{"line":49,"column":3}},"loc":{"start":{"line":49,"column":25},"end":{"line":51,"column":3}},"line":49}},"branchMap":{},"s":{"0":3,"1":3,"2":3,"3":8,"4":3,"5":1,"6":1,"7":1,"8":2,"9":1,"10":3,"11":3,"12":4,"13":1},"f":{"0":10,"1":3,"2":1,"3":3,"4":3,"5":4},"b":{},"_coverageSchema":"1a1c01bbd47fc00a2c39e90264f33305004495a9","hash":"eecf84b8bef1243e47748e394d50ef5ab2977a76"}
}
